11:48:36.753 [AWT-EventQueue-0] INFO  c.b.l.BrowserStackRunExtension - gradle
11:48:36.755 [AWT-EventQueue-0] INFO  com.browserstack.utils.Helpers - null
11:51:17.156 [AWT-EventQueue-0] INFO  c.b.l.BrowserStackRunExtension - gradle
11:51:17.157 [AWT-EventQueue-0] INFO  com.browserstack.utils.Helpers - null
11:52:03.280 [AWT-EventQueue-0] INFO  c.b.l.BrowserStackRunExtension - gradle
11:52:03.281 [AWT-EventQueue-0] INFO  com.browserstack.utils.Helpers - null
11:54:11.294 [AWT-EventQueue-0] INFO  c.b.l.BrowserStackRunExtension - gradle
11:54:11.295 [AWT-EventQueue-0] INFO  com.browserstack.utils.Helpers - null
11:54:46.429 [AWT-EventQueue-0] INFO  c.b.l.BrowserStackRunExtension - gradle
11:54:46.430 [AWT-EventQueue-0] INFO  com.browserstack.utils.Helpers - null
11:58:36.583 [AWT-EventQueue-0] INFO  c.b.l.BrowserStackRunExtension - gradle
11:58:36.585 [AWT-EventQueue-0] INFO  com.browserstack.utils.Helpers - null
12:23:05.185 [AWT-EventQueue-0] INFO  c.b.l.BrowserStackRunExtension - gradle
12:23:05.186 [AWT-EventQueue-0] INFO  com.browserstack.utils.Helpers - null
12:23:43.549 [AWT-EventQueue-0] INFO  c.b.l.BrowserStackRunExtension - gradle
12:23:43.549 [AWT-EventQueue-0] INFO  com.browserstack.utils.Helpers - null
12:24:14.321 [AWT-EventQueue-0] INFO  c.b.l.BrowserStackRunExtension - gradle
12:24:14.321 [AWT-EventQueue-0] INFO  com.browserstack.utils.Helpers - null
12:25:19.810 [AWT-EventQueue-0] INFO  c.b.l.BrowserStackRunExtension - gradle
12:25:19.810 [AWT-EventQueue-0] INFO  com.browserstack.utils.Helpers - null
12:26:37.660 [AWT-EventQueue-0] INFO  c.b.l.BrowserStackRunExtension - gradle
12:26:37.660 [AWT-EventQueue-0] INFO  com.browserstack.utils.Helpers - null
12:35:13.891 [AWT-EventQueue-0] INFO  c.b.l.BrowserStackRunExtension - gradle
12:35:13.892 [AWT-EventQueue-0] INFO  com.browserstack.utils.Helpers - null
12:37:39.086 [AWT-EventQueue-0] INFO  c.b.l.BrowserStackRunExtension - gradle
12:37:39.088 [AWT-EventQueue-0] INFO  com.browserstack.utils.Helpers - null
12:39:16.690 [AWT-EventQueue-0] INFO  c.b.l.BrowserStackRunExtension - gradle
12:39:16.691 [AWT-EventQueue-0] INFO  com.browserstack.utils.Helpers - null
12:42:19.486 [AWT-EventQueue-0] INFO  c.b.l.BrowserStackRunExtension - gradle
12:42:19.488 [AWT-EventQueue-0] INFO  com.browserstack.utils.Helpers - null
12:44:56.658 [AWT-EventQueue-0] INFO  c.b.l.BrowserStackRunExtension - gradle
12:44:56.659 [AWT-EventQueue-0] INFO  com.browserstack.utils.Helpers - null
12:49:59.471 [AWT-EventQueue-0] INFO  c.b.l.BrowserStackRunExtension - gradle
12:49:59.474 [AWT-EventQueue-0] INFO  com.browserstack.utils.Helpers - null
12:57:25.463 [AWT-EventQueue-0] INFO  c.b.l.BrowserStackRunExtension - gradle
12:57:25.463 [AWT-EventQueue-0] INFO  com.browserstack.utils.Helpers - null
13:04:31.021 [AWT-EventQueue-0] INFO  c.b.l.BrowserStackRunExtension - gradle
13:04:31.027 [AWT-EventQueue-0] INFO  com.browserstack.utils.Helpers - null
13:09:47.403 [AWT-EventQueue-0] INFO  c.b.l.BrowserStackRunExtension - gradle
13:09:47.403 [AWT-EventQueue-0] INFO  com.browserstack.utils.Helpers - null
13:12:59.643 [AWT-EventQueue-0] INFO  c.b.l.BrowserStackRunExtension - gradle
13:12:59.646 [AWT-EventQueue-0] INFO  com.browserstack.utils.Helpers - null
13:16:05.717 [AWT-EventQueue-0] INFO  c.b.l.BrowserStackRunExtension - gradle
13:16:05.717 [AWT-EventQueue-0] INFO  com.browserstack.utils.Helpers - null
14:36:34.365 [AWT-EventQueue-0] INFO  c.b.l.BrowserStackRunExtension - gradle
14:36:34.367 [AWT-EventQueue-0] INFO  com.browserstack.utils.Helpers - null
14:44:15.471 [AWT-EventQueue-0] INFO  c.b.l.BrowserStackRunExtension - gradle
14:44:15.471 [AWT-EventQueue-0] INFO  com.browserstack.utils.Helpers - null
14:44:35.973 [AWT-EventQueue-0] INFO  c.b.l.BrowserStackRunExtension - gradle
14:44:35.973 [AWT-EventQueue-0] INFO  com.browserstack.utils.Helpers - null
14:50:20.431 [AWT-EventQueue-0] INFO  c.b.l.BrowserStackRunExtension - gradle
14:50:20.439 [AWT-EventQueue-0] INFO  com.browserstack.utils.Helpers - null
15:14:36.499 [AWT-EventQueue-0] INFO  c.b.l.BrowserStackRunExtension - gradle
15:14:36.501 [AWT-EventQueue-0] INFO  com.browserstack.utils.Helpers - null
15:18:25.484 [AWT-EventQueue-0] INFO  c.b.l.BrowserStackRunExtension - gradle
15:18:25.484 [AWT-EventQueue-0] INFO  com.browserstack.utils.Helpers - null
15:25:02.872 [AWT-EventQueue-0] INFO  c.b.l.BrowserStackRunExtension - gradle
15:25:02.872 [AWT-EventQueue-0] INFO  com.browserstack.utils.Helpers - null
15:31:31.714 [AWT-EventQueue-0] INFO  c.b.l.BrowserStackRunExtension - gradle
15:31:31.715 [AWT-EventQueue-0] INFO  com.browserstack.utils.Helpers - null
15:51:46.564 [AWT-EventQueue-0] INFO  c.b.l.BrowserStackRunExtension - gradle
15:51:46.567 [AWT-EventQueue-0] INFO  com.browserstack.utils.Helpers - null
15:53:32.362 [AWT-EventQueue-0] INFO  c.b.l.BrowserStackRunExtension - gradle
15:53:32.362 [AWT-EventQueue-0] INFO  com.browserstack.utils.Helpers - null
16:00:55.585 [AWT-EventQueue-0] INFO  c.b.l.BrowserStackRunExtension - gradle
16:00:55.586 [AWT-EventQueue-0] INFO  com.browserstack.utils.Helpers - null
16:34:19.184 [AWT-EventQueue-0] INFO  c.b.l.BrowserStackRunExtension - gradle
16:34:19.185 [AWT-EventQueue-0] INFO  com.browserstack.utils.Helpers - null
16:48:45.414 [AWT-EventQueue-0] INFO  c.b.l.BrowserStackRunExtension - gradle
16:48:45.416 [AWT-EventQueue-0] INFO  com.browserstack.utils.Helpers - null
12:36:16.686 [AWT-EventQueue-0] INFO  c.b.l.BrowserStackRunExtension - gradle
12:36:16.689 [AWT-EventQueue-0] INFO  com.browserstack.utils.Helpers - null
12:37:06.162 [AWT-EventQueue-0] INFO  c.b.l.BrowserStackRunExtension - gradle
12:37:06.163 [AWT-EventQueue-0] INFO  com.browserstack.utils.Helpers - null
13:10:07.087 [AWT-EventQueue-0] INFO  c.b.l.BrowserStackRunExtension - gradle
13:10:07.088 [AWT-EventQueue-0] INFO  com.browserstack.utils.Helpers - null
13:11:42.796 [AWT-EventQueue-0] INFO  c.b.l.BrowserStackRunExtension - gradle
13:11:42.796 [AWT-EventQueue-0] INFO  com.browserstack.utils.Helpers - null
13:20:47.374 [AWT-EventQueue-0] INFO  c.b.l.BrowserStackRunExtension - gradle
13:20:47.374 [AWT-EventQueue-0] INFO  com.browserstack.utils.Helpers - null
13:21:23.787 [AWT-EventQueue-0] INFO  c.b.l.BrowserStackRunExtension - gradle
13:21:23.788 [AWT-EventQueue-0] INFO  com.browserstack.utils.Helpers - null
14:11:47.216 [AWT-EventQueue-0] INFO  c.b.l.BrowserStackRunExtension - gradle
14:11:47.217 [AWT-EventQueue-0] INFO  com.browserstack.utils.Helpers - null
14:16:06.518 [AWT-EventQueue-0] INFO  c.b.l.BrowserStackRunExtension - gradle
14:16:06.518 [AWT-EventQueue-0] INFO  com.browserstack.utils.Helpers - null
14:22:08.713 [AWT-EventQueue-0] INFO  c.b.l.BrowserStackRunExtension - gradle
14:22:08.714 [AWT-EventQueue-0] INFO  com.browserstack.utils.Helpers - null
14:25:58.188 [AWT-EventQueue-0] INFO  c.b.l.BrowserStackRunExtension - gradle
14:25:58.189 [AWT-EventQueue-0] INFO  com.browserstack.utils.Helpers - null
14:38:02.715 [AWT-EventQueue-0] INFO  c.b.l.BrowserStackRunExtension - gradle
14:38:02.716 [AWT-EventQueue-0] INFO  com.browserstack.utils.Helpers - null
14:39:08.285 [AWT-EventQueue-0] INFO  c.b.l.BrowserStackRunExtension - gradle
14:39:08.286 [AWT-EventQueue-0] INFO  com.browserstack.utils.Helpers - null
14:43:07.888 [AWT-EventQueue-0] INFO  c.b.l.BrowserStackRunExtension - gradle
14:43:07.889 [AWT-EventQueue-0] INFO  com.browserstack.utils.Helpers - null
15:51:20.593 [AWT-EventQueue-0] INFO  c.b.l.BrowserStackRunExtension - gradle
15:51:20.595 [AWT-EventQueue-0] INFO  com.browserstack.utils.Helpers - null
16:00:50.863 [AWT-EventQueue-0] INFO  c.b.l.BrowserStackRunExtension - gradle
16:00:50.864 [AWT-EventQueue-0] INFO  com.browserstack.utils.Helpers - null
16:02:03.095 [AWT-EventQueue-0] INFO  c.b.l.BrowserStackRunExtension - gradle
16:02:03.095 [AWT-EventQueue-0] INFO  com.browserstack.utils.Helpers - null
16:10:54.902 [AWT-EventQueue-0] INFO  c.b.l.BrowserStackRunExtension - gradle
16:10:54.902 [AWT-EventQueue-0] INFO  com.browserstack.utils.Helpers - null
16:13:45.667 [AWT-EventQueue-0] INFO  c.b.l.BrowserStackRunExtension - gradle
16:13:45.667 [AWT-EventQueue-0] INFO  com.browserstack.utils.Helpers - null
16:15:54.933 [AWT-EventQueue-0] INFO  c.b.l.BrowserStackRunExtension - gradle
16:15:54.933 [AWT-EventQueue-0] INFO  com.browserstack.utils.Helpers - null
16:19:36.569 [AWT-EventQueue-0] INFO  c.b.l.BrowserStackRunExtension - gradle
16:19:36.569 [AWT-EventQueue-0] INFO  com.browserstack.utils.Helpers - null
16:24:18.206 [AWT-EventQueue-0] INFO  c.b.l.BrowserStackRunExtension - gradle
16:24:18.206 [AWT-EventQueue-0] INFO  com.browserstack.utils.Helpers - null
16:25:00.976 [AWT-EventQueue-0] INFO  c.b.l.BrowserStackRunExtension - gradle
16:25:00.977 [AWT-EventQueue-0] INFO  com.browserstack.utils.Helpers - null
16:35:22.018 [AWT-EventQueue-0] INFO  c.b.l.BrowserStackRunExtension - gradle
16:35:22.019 [AWT-EventQueue-0] INFO  com.browserstack.utils.Helpers - null
16:36:45.134 [AWT-EventQueue-0] INFO  c.b.l.BrowserStackRunExtension - gradle
16:36:45.134 [AWT-EventQueue-0] INFO  com.browserstack.utils.Helpers - null
16:37:16.447 [AWT-EventQueue-0] INFO  c.b.l.BrowserStackRunExtension - gradle
16:37:16.447 [AWT-EventQueue-0] INFO  com.browserstack.utils.Helpers - null
16:39:49.601 [AWT-EventQueue-0] INFO  c.b.l.BrowserStackRunExtension - gradle
16:39:49.601 [AWT-EventQueue-0] INFO  com.browserstack.utils.Helpers - null
16:41:07.080 [AWT-EventQueue-0] INFO  c.b.l.BrowserStackRunExtension - gradle
16:41:07.080 [AWT-EventQueue-0] INFO  com.browserstack.utils.Helpers - null
16:48:31.498 [AWT-EventQueue-0] INFO  c.b.l.BrowserStackRunExtension - gradle
16:48:31.499 [AWT-EventQueue-0] INFO  com.browserstack.utils.Helpers - null
16:49:33.663 [AWT-EventQueue-0] INFO  c.b.l.BrowserStackRunExtension - gradle
16:49:33.663 [AWT-EventQueue-0] INFO  com.browserstack.utils.Helpers - null
16:51:12.765 [AWT-EventQueue-0] INFO  c.b.l.BrowserStackRunExtension - gradle
16:51:12.765 [AWT-EventQueue-0] INFO  com.browserstack.utils.Helpers - null
16:52:34.015 [AWT-EventQueue-0] INFO  c.b.l.BrowserStackRunExtension - gradle
16:52:34.015 [AWT-EventQueue-0] INFO  com.browserstack.utils.Helpers - null
17:03:29.160 [AWT-EventQueue-0] INFO  c.b.l.BrowserStackRunExtension - gradle
17:03:29.160 [AWT-EventQueue-0] INFO  com.browserstack.utils.Helpers - null
17:05:03.473 [AWT-EventQueue-0] INFO  c.b.l.BrowserStackRunExtension - gradle
17:05:03.473 [AWT-EventQueue-0] INFO  com.browserstack.utils.Helpers - null
17:17:03.279 [AWT-EventQueue-0] INFO  c.b.l.BrowserStackRunExtension - gradle
17:17:03.282 [AWT-EventQueue-0] INFO  com.browserstack.utils.Helpers - null
17:21:43.449 [AWT-EventQueue-0] INFO  c.b.l.BrowserStackRunExtension - gradle
17:21:43.452 [AWT-EventQueue-0] INFO  com.browserstack.utils.Helpers - null
17:22:44.203 [AWT-EventQueue-0] INFO  c.b.l.BrowserStackRunExtension - gradle
17:22:44.204 [AWT-EventQueue-0] INFO  com.browserstack.utils.Helpers - null
17:24:23.110 [AWT-EventQueue-0] INFO  c.b.l.BrowserStackRunExtension - gradle
17:24:23.111 [AWT-EventQueue-0] INFO  com.browserstack.utils.Helpers - null
17:24:43.860 [AWT-EventQueue-0] INFO  c.b.l.BrowserStackRunExtension - gradle
17:24:43.860 [AWT-EventQueue-0] INFO  com.browserstack.utils.Helpers - null
17:29:21.552 [AWT-EventQueue-0] INFO  c.b.l.BrowserStackRunExtension - gradle
17:29:21.553 [AWT-EventQueue-0] INFO  com.browserstack.utils.Helpers - null
17:33:13.820 [AWT-EventQueue-0] INFO  c.b.l.BrowserStackRunExtension - gradle
17:33:13.820 [AWT-EventQueue-0] INFO  com.browserstack.utils.Helpers - null
17:36:56.423 [AWT-EventQueue-0] INFO  c.b.l.BrowserStackRunExtension - gradle
17:36:56.430 [AWT-EventQueue-0] INFO  com.browserstack.utils.Helpers - null
17:37:40.302 [AWT-EventQueue-0] INFO  c.b.l.BrowserStackRunExtension - gradle
17:37:40.302 [AWT-EventQueue-0] INFO  com.browserstack.utils.Helpers - null
17:38:06.201 [AWT-EventQueue-0] INFO  c.b.l.BrowserStackRunExtension - gradle
17:38:06.201 [AWT-EventQueue-0] INFO  com.browserstack.utils.Helpers - null
17:38:37.660 [AWT-EventQueue-0] INFO  c.b.l.BrowserStackRunExtension - gradle
17:38:37.661 [AWT-EventQueue-0] INFO  com.browserstack.utils.Helpers - null
17:39:35.758 [AWT-EventQueue-0] INFO  c.b.l.BrowserStackRunExtension - gradle
17:39:35.759 [AWT-EventQueue-0] INFO  com.browserstack.utils.Helpers - null
17:39:53.131 [AWT-EventQueue-0] INFO  c.b.l.BrowserStackRunExtension - gradle
17:39:53.131 [AWT-EventQueue-0] INFO  com.browserstack.utils.Helpers - null
17:46:23.457 [AWT-EventQueue-0] INFO  c.b.l.BrowserStackRunExtension - gradle
17:46:23.458 [AWT-EventQueue-0] INFO  com.browserstack.utils.Helpers - null
17:53:30.079 [AWT-EventQueue-0] INFO  c.b.l.BrowserStackRunExtension - gradle
17:53:30.081 [AWT-EventQueue-0] INFO  com.browserstack.utils.Helpers - null
17:55:59.339 [AWT-EventQueue-0] INFO  c.b.l.BrowserStackRunExtension - gradle
17:55:59.340 [AWT-EventQueue-0] INFO  com.browserstack.utils.Helpers - null
17:56:46.405 [AWT-EventQueue-0] INFO  c.b.l.BrowserStackRunExtension - gradle
17:56:46.406 [AWT-EventQueue-0] INFO  com.browserstack.utils.Helpers - null
17:56:58.719 [AWT-EventQueue-0] INFO  c.b.l.BrowserStackRunExtension - gradle
17:56:58.719 [AWT-EventQueue-0] INFO  com.browserstack.utils.Helpers - null
17:58:26.617 [AWT-EventQueue-0] INFO  c.b.l.BrowserStackRunExtension - gradle
17:58:26.618 [AWT-EventQueue-0] INFO  com.browserstack.utils.Helpers - null
17:58:56.966 [AWT-EventQueue-0] INFO  c.b.l.BrowserStackRunExtension - gradle
17:58:56.967 [AWT-EventQueue-0] INFO  com.browserstack.utils.Helpers - null
18:05:32.210 [AWT-EventQueue-0] INFO  c.b.l.BrowserStackRunExtension - gradle
18:05:32.212 [AWT-EventQueue-0] INFO  com.browserstack.utils.Helpers - null
18:05:54.616 [AWT-EventQueue-0] INFO  c.b.l.BrowserStackRunExtension - gradle
18:05:54.616 [AWT-EventQueue-0] INFO  com.browserstack.utils.Helpers - null
18:06:43.168 [AWT-EventQueue-0] INFO  c.b.l.BrowserStackRunExtension - gradle
18:06:43.169 [AWT-EventQueue-0] INFO  com.browserstack.utils.Helpers - null
18:10:32.053 [AWT-EventQueue-0] INFO  c.b.l.BrowserStackRunExtension - gradle
18:10:32.055 [AWT-EventQueue-0] INFO  com.browserstack.utils.Helpers - null
18:13:35.166 [AWT-EventQueue-0] INFO  c.b.l.BrowserStackRunExtension - gradle
18:13:35.167 [AWT-EventQueue-0] INFO  com.browserstack.utils.Helpers - null
18:16:12.564 [AWT-EventQueue-0] INFO  c.b.l.BrowserStackRunExtension - gradle
18:16:12.565 [AWT-EventQueue-0] INFO  com.browserstack.utils.Helpers - null
18:16:34.248 [AWT-EventQueue-0] INFO  c.b.l.BrowserStackRunExtension - gradle
18:16:34.249 [AWT-EventQueue-0] INFO  com.browserstack.utils.Helpers - null
07:50:48.578 [AWT-EventQueue-0] INFO  c.b.l.BrowserStackRunExtension - gradle
07:50:48.579 [AWT-EventQueue-0] INFO  com.browserstack.utils.Helpers - null
07:56:42.656 [AWT-EventQueue-0] INFO  c.b.l.BrowserStackRunExtension - gradle
07:56:42.657 [AWT-EventQueue-0] INFO  com.browserstack.utils.Helpers - null
07:57:09.829 [AWT-EventQueue-0] INFO  c.b.l.BrowserStackRunExtension - gradle
07:57:09.829 [AWT-EventQueue-0] INFO  com.browserstack.utils.Helpers - null
07:57:57.132 [AWT-EventQueue-0] INFO  c.b.l.BrowserStackRunExtension - gradle
07:57:57.133 [AWT-EventQueue-0] INFO  com.browserstack.utils.Helpers - null
08:08:25.222 [AWT-EventQueue-0] INFO  c.b.l.BrowserStackRunExtension - gradle
08:08:25.223 [AWT-EventQueue-0] INFO  com.browserstack.utils.Helpers - null
08:09:26.107 [AWT-EventQueue-0] INFO  c.b.l.BrowserStackRunExtension - gradle
08:09:26.107 [AWT-EventQueue-0] INFO  com.browserstack.utils.Helpers - null
08:24:10.151 [AWT-EventQueue-0] INFO  c.b.l.BrowserStackRunExtension - gradle
08:24:10.159 [AWT-EventQueue-0] INFO  com.browserstack.utils.Helpers - null
08:24:37.021 [AWT-EventQueue-0] INFO  c.b.l.BrowserStackRunExtension - gradle
08:24:37.021 [AWT-EventQueue-0] INFO  com.browserstack.utils.Helpers - null
08:24:44.479 [AWT-EventQueue-0] INFO  c.b.l.BrowserStackRunExtension - gradle
08:24:44.479 [AWT-EventQueue-0] INFO  com.browserstack.utils.Helpers - null
08:26:16.690 [AWT-EventQueue-0] INFO  c.b.actions.EnableBrowserStack - Setting enable browserstack run update
08:26:16.705 [AWT-EventQueue-0] INFO  c.b.actions.DisableBrowserStack - Setting disable browserstack run update
08:27:50.614 [AWT-EventQueue-0] INFO  c.b.l.BrowserStackRunExtension - gradle
08:27:50.614 [AWT-EventQueue-0] INFO  com.browserstack.utils.Helpers - null
08:27:58.297 [AWT-EventQueue-0] INFO  c.b.l.BrowserStackRunExtension - gradle
08:27:58.297 [AWT-EventQueue-0] INFO  com.browserstack.utils.Helpers - null
08:47:21.695 [AWT-EventQueue-0] INFO  c.b.l.BrowserStackRunExtension - gradle
08:47:21.695 [AWT-EventQueue-0] INFO  com.browserstack.utils.Helpers - null
08:49:12.224 [AWT-EventQueue-0] INFO  c.b.l.BrowserStackRunExtension - gradle
08:49:12.224 [AWT-EventQueue-0] INFO  com.browserstack.utils.Helpers - null
08:51:04.585 [AWT-EventQueue-0] INFO  c.b.l.BrowserStackRunExtension - gradle
08:51:04.585 [AWT-EventQueue-0] INFO  com.browserstack.utils.Helpers - null
08:55:32.062 [AWT-EventQueue-0] INFO  c.b.l.BrowserStackRunExtension - gradle
08:55:32.062 [AWT-EventQueue-0] INFO  com.browserstack.utils.Helpers - null
08:57:46.729 [AWT-EventQueue-0] INFO  c.b.l.BrowserStackRunExtension - gradle
08:57:46.734 [AWT-EventQueue-0] INFO  com.browserstack.utils.Helpers - null
10:06:24.782 [AWT-EventQueue-0] INFO  c.b.l.BrowserStackRunExtension - gradle
10:06:24.783 [AWT-EventQueue-0] INFO  com.browserstack.utils.Helpers - null
10:55:47.583 [AWT-EventQueue-0] INFO  c.b.l.BrowserStackRunExtension - gradle
10:55:47.592 [AWT-EventQueue-0] INFO  com.browserstack.utils.Helpers - null
11:02:42.018 [AWT-EventQueue-0] INFO  c.b.l.BrowserStackRunExtension - gradle
11:02:42.025 [AWT-EventQueue-0] INFO  com.browserstack.utils.Helpers - null
11:10:52.985 [AWT-EventQueue-0] INFO  c.b.l.BrowserStackRunExtension - gradle
11:10:52.985 [AWT-EventQueue-0] INFO  com.browserstack.utils.Helpers - null
11:12:45.762 [AWT-EventQueue-0] INFO  c.b.l.BrowserStackRunExtension - gradle
11:12:45.763 [AWT-EventQueue-0] INFO  com.browserstack.utils.Helpers - null
11:19:23.064 [AWT-EventQueue-0] INFO  c.b.l.BrowserStackRunExtension - gradle
11:19:23.066 [AWT-EventQueue-0] INFO  com.browserstack.utils.Helpers - null
11:19:55.682 [AWT-EventQueue-0] INFO  c.b.l.BrowserStackRunExtension - gradle
11:19:55.682 [AWT-EventQueue-0] INFO  com.browserstack.utils.Helpers - null
11:24:36.535 [AWT-EventQueue-0] INFO  c.b.l.BrowserStackRunExtension - gradle
11:24:36.536 [AWT-EventQueue-0] INFO  com.browserstack.utils.Helpers - null
11:28:18.152 [AWT-EventQueue-0] INFO  c.b.l.BrowserStackRunExtension - gradle
11:28:18.153 [AWT-EventQueue-0] INFO  com.browserstack.utils.Helpers - null
11:33:12.175 [AWT-EventQueue-0] INFO  c.b.l.BrowserStackRunExtension - gradle
11:33:12.176 [AWT-EventQueue-0] INFO  com.browserstack.utils.Helpers - null
11:34:38.190 [AWT-EventQueue-0] INFO  c.b.l.BrowserStackRunExtension - gradle
11:34:38.190 [AWT-EventQueue-0] INFO  com.browserstack.utils.Helpers - null
11:37:11.852 [AWT-EventQueue-0] INFO  c.b.l.BrowserStackRunExtension - gradle
11:37:11.852 [AWT-EventQueue-0] INFO  com.browserstack.utils.Helpers - null
11:39:43.226 [AWT-EventQueue-0] INFO  c.b.l.BrowserStackRunExtension - gradle
11:39:43.226 [AWT-EventQueue-0] INFO  com.browserstack.utils.Helpers - null
12:17:12.155 [AWT-EventQueue-0] INFO  c.b.l.BrowserStackRunExtension - gradle
12:17:12.163 [AWT-EventQueue-0] INFO  com.browserstack.utils.Helpers - null
12:34:22.623 [AWT-EventQueue-0] INFO  c.b.l.BrowserStackRunExtension - gradle
12:34:22.625 [AWT-EventQueue-0] INFO  com.browserstack.utils.Helpers - null
12:38:11.922 [AWT-EventQueue-0] INFO  c.b.l.BrowserStackRunExtension - gradle
12:38:11.924 [AWT-EventQueue-0] INFO  com.browserstack.utils.Helpers - null
12:39:07.889 [AWT-EventQueue-0] INFO  c.b.l.BrowserStackRunExtension - gradle
12:39:07.889 [AWT-EventQueue-0] INFO  com.browserstack.utils.Helpers - null
12:41:15.645 [AWT-EventQueue-0] INFO  c.b.l.BrowserStackRunExtension - gradle
12:41:15.645 [AWT-EventQueue-0] INFO  com.browserstack.utils.Helpers - null
12:42:12.789 [AWT-EventQueue-0] INFO  c.b.l.BrowserStackRunExtension - gradle
12:42:12.789 [AWT-EventQueue-0] INFO  com.browserstack.utils.Helpers - null
12:48:44.507 [AWT-EventQueue-0] INFO  c.b.l.BrowserStackRunExtension - gradle
12:48:44.507 [AWT-EventQueue-0] INFO  com.browserstack.utils.Helpers - null
12:49:18.363 [AWT-EventQueue-0] INFO  c.b.l.BrowserStackRunExtension - gradle
12:49:18.363 [AWT-EventQueue-0] INFO  com.browserstack.utils.Helpers - null
12:54:02.744 [AWT-EventQueue-0] INFO  c.b.l.BrowserStackRunExtension - gradle
12:54:02.745 [AWT-EventQueue-0] INFO  com.browserstack.utils.Helpers - null
12:56:40.929 [AWT-EventQueue-0] INFO  c.b.l.BrowserStackRunExtension - gradle
12:56:40.929 [AWT-EventQueue-0] INFO  com.browserstack.utils.Helpers - null
13:07:28.844 [AWT-EventQueue-0] INFO  c.b.l.BrowserStackRunExtension - gradle
13:07:28.846 [AWT-EventQueue-0] INFO  com.browserstack.utils.Helpers - null
13:08:06.228 [AWT-EventQueue-0] INFO  c.b.l.BrowserStackRunExtension - gradle
13:08:06.228 [AWT-EventQueue-0] INFO  com.browserstack.utils.Helpers - null
13:08:12.765 [AWT-EventQueue-0] INFO  c.b.l.BrowserStackRunExtension - gradle
13:08:12.766 [AWT-EventQueue-0] INFO  com.browserstack.utils.Helpers - null
14:55:26.816 [AWT-EventQueue-0] INFO  c.b.l.BrowserStackRunExtension - gradle
14:55:26.818 [AWT-EventQueue-0] INFO  com.browserstack.utils.Helpers - null
16:06:50.219 [AWT-EventQueue-0] INFO  c.b.l.BrowserStackRunExtension - gradle
16:06:50.222 [AWT-EventQueue-0] INFO  com.browserstack.utils.Helpers - null
16:07:57.423 [AWT-EventQueue-0] INFO  c.b.l.BrowserStackRunExtension - gradle
16:07:57.424 [AWT-EventQueue-0] INFO  com.browserstack.utils.Helpers - null
16:08:43.494 [AWT-EventQueue-0] INFO  c.b.l.BrowserStackRunExtension - gradle
16:08:43.495 [AWT-EventQueue-0] INFO  com.browserstack.utils.Helpers - null
16:09:15.218 [AWT-EventQueue-0] INFO  c.b.l.BrowserStackRunExtension - gradle
16:09:15.219 [AWT-EventQueue-0] INFO  com.browserstack.utils.Helpers - null
16:10:14.133 [AWT-EventQueue-0] INFO  c.b.l.BrowserStackRunExtension - gradle
16:10:14.133 [AWT-EventQueue-0] INFO  com.browserstack.utils.Helpers - null
16:10:30.213 [AWT-EventQueue-0] INFO  c.b.l.BrowserStackRunExtension - gradle
16:10:30.213 [AWT-EventQueue-0] INFO  com.browserstack.utils.Helpers - null
16:10:58.963 [AWT-EventQueue-0] INFO  c.b.l.BrowserStackRunExtension - gradle
16:10:58.964 [AWT-EventQueue-0] INFO  com.browserstack.utils.Helpers - null
16:11:46.638 [AWT-EventQueue-0] INFO  c.b.l.BrowserStackRunExtension - gradle
16:11:46.638 [AWT-EventQueue-0] INFO  com.browserstack.utils.Helpers - null
16:13:29.053 [AWT-EventQueue-0] INFO  c.b.l.BrowserStackRunExtension - gradle
16:13:29.053 [AWT-EventQueue-0] INFO  com.browserstack.utils.Helpers - null
16:14:18.522 [AWT-EventQueue-0] INFO  c.b.l.BrowserStackRunExtension - gradle
16:14:18.523 [AWT-EventQueue-0] INFO  com.browserstack.utils.Helpers - null
16:16:17.443 [AWT-EventQueue-0] INFO  c.b.l.BrowserStackRunExtension - gradle
16:16:17.444 [AWT-EventQueue-0] INFO  com.browserstack.utils.Helpers - null
16:16:57.266 [AWT-EventQueue-0] INFO  c.b.l.BrowserStackRunExtension - gradle
16:16:57.266 [AWT-EventQueue-0] INFO  com.browserstack.utils.Helpers - null
16:17:14.847 [AWT-EventQueue-0] INFO  c.b.l.BrowserStackRunExtension - gradle
16:17:14.848 [AWT-EventQueue-0] INFO  com.browserstack.utils.Helpers - null
16:17:35.322 [AWT-EventQueue-0] INFO  c.b.l.BrowserStackRunExtension - gradle
16:17:35.322 [AWT-EventQueue-0] INFO  com.browserstack.utils.Helpers - null
16:18:11.348 [AWT-EventQueue-0] INFO  c.b.l.BrowserStackRunExtension - gradle
16:18:11.348 [AWT-EventQueue-0] INFO  com.browserstack.utils.Helpers - null
16:35:44.846 [AWT-EventQueue-0] INFO  c.b.l.BrowserStackRunExtension - gradle
16:35:44.846 [AWT-EventQueue-0] INFO  com.browserstack.utils.Helpers - null
16:36:07.766 [AWT-EventQueue-0] INFO  c.b.l.BrowserStackRunExtension - gradle
16:36:07.766 [AWT-EventQueue-0] INFO  com.browserstack.utils.Helpers - null
17:46:30.538 [AWT-EventQueue-0] INFO  c.b.l.BrowserStackRunExtension - gradle
17:46:30.540 [AWT-EventQueue-0] INFO  com.browserstack.utils.Helpers - null
17:46:51.424 [AWT-EventQueue-0] INFO  c.b.l.BrowserStackRunExtension - gradle
17:46:51.424 [AWT-EventQueue-0] INFO  com.browserstack.utils.Helpers - null
17:48:34.548 [AWT-EventQueue-0] INFO  c.b.l.BrowserStackRunExtension - gradle
17:48:34.548 [AWT-EventQueue-0] INFO  com.browserstack.utils.Helpers - null
17:48:59.215 [AWT-EventQueue-0] INFO  c.b.l.BrowserStackRunExtension - gradle
17:48:59.216 [AWT-EventQueue-0] INFO  com.browserstack.utils.Helpers - null
17:49:44.074 [AWT-EventQueue-0] INFO  c.b.l.BrowserStackRunExtension - gradle
17:49:44.075 [AWT-EventQueue-0] INFO  com.browserstack.utils.Helpers - null
17:52:27.755 [AWT-EventQueue-0] INFO  c.b.l.BrowserStackRunExtension - gradle
17:52:27.755 [AWT-EventQueue-0] INFO  com.browserstack.utils.Helpers - null
17:52:40.945 [AWT-EventQueue-0] INFO  c.b.l.BrowserStackRunExtension - gradle
17:52:40.945 [AWT-EventQueue-0] INFO  com.browserstack.utils.Helpers - null
17:53:15.606 [AWT-EventQueue-0] INFO  c.b.l.BrowserStackRunExtension - gradle
17:53:15.607 [AWT-EventQueue-0] INFO  com.browserstack.utils.Helpers - null
07:44:50.508 [AWT-EventQueue-0] INFO  c.b.l.BrowserStackRunExtension - gradle
07:44:50.511 [AWT-EventQueue-0] INFO  com.browserstack.utils.Helpers - null
07:46:15.174 [AWT-EventQueue-0] INFO  c.b.l.BrowserStackRunExtension - gradle
07:46:15.174 [AWT-EventQueue-0] INFO  com.browserstack.utils.Helpers - null
07:47:29.713 [AWT-EventQueue-0] INFO  c.b.l.BrowserStackRunExtension - gradle
07:47:29.713 [AWT-EventQueue-0] INFO  com.browserstack.utils.Helpers - null
07:47:54.836 [AWT-EventQueue-0] INFO  c.b.l.BrowserStackRunExtension - gradle
07:47:54.836 [AWT-EventQueue-0] INFO  com.browserstack.utils.Helpers - null
07:50:42.781 [AWT-EventQueue-0] INFO  c.b.l.BrowserStackRunExtension - gradle
07:50:42.782 [AWT-EventQueue-0] INFO  com.browserstack.utils.Helpers - null
07:52:04.199 [AWT-EventQueue-0] INFO  c.b.l.BrowserStackRunExtension - gradle
07:52:04.199 [AWT-EventQueue-0] INFO  com.browserstack.utils.Helpers - null
07:53:33.614 [AWT-EventQueue-0] INFO  c.b.l.BrowserStackRunExtension - gradle
07:53:33.614 [AWT-EventQueue-0] INFO  com.browserstack.utils.Helpers - null
08:07:01.125 [AWT-EventQueue-0] INFO  c.b.l.BrowserStackRunExtension - gradle
08:07:01.132 [AWT-EventQueue-0] INFO  com.browserstack.utils.Helpers - null
08:08:36.412 [AWT-EventQueue-0] INFO  c.b.l.BrowserStackRunExtension - gradle
08:08:36.413 [AWT-EventQueue-0] INFO  com.browserstack.utils.Helpers - null
08:08:45.068 [AWT-EventQueue-0] INFO  c.b.l.BrowserStackRunExtension - gradle
08:08:45.069 [AWT-EventQueue-0] INFO  com.browserstack.utils.Helpers - null
08:15:17.284 [AWT-EventQueue-0] INFO  c.b.l.BrowserStackRunExtension - gradle
08:15:17.284 [AWT-EventQueue-0] INFO  com.browserstack.utils.Helpers - null
08:16:40.746 [AWT-EventQueue-0] INFO  c.b.l.BrowserStackRunExtension - gradle
08:16:40.746 [AWT-EventQueue-0] INFO  com.browserstack.utils.Helpers - null
08:18:10.934 [AWT-EventQueue-0] INFO  c.b.l.BrowserStackRunExtension - gradle
08:18:10.934 [AWT-EventQueue-0] INFO  com.browserstack.utils.Helpers - null
08:19:14.920 [AWT-EventQueue-0] INFO  c.b.l.BrowserStackRunExtension - gradle
08:19:14.920 [AWT-EventQueue-0] INFO  com.browserstack.utils.Helpers - null
08:20:36.004 [AWT-EventQueue-0] INFO  c.b.l.BrowserStackRunExtension - gradle
08:20:36.004 [AWT-EventQueue-0] INFO  com.browserstack.utils.Helpers - null
08:22:32.730 [AWT-EventQueue-0] INFO  c.b.l.BrowserStackRunExtension - gradle
08:22:32.730 [AWT-EventQueue-0] INFO  com.browserstack.utils.Helpers - null
08:31:53.393 [AWT-EventQueue-0] INFO  c.b.l.BrowserStackRunExtension - gradle
08:31:53.401 [AWT-EventQueue-0] INFO  com.browserstack.utils.Helpers - null
08:33:50.265 [AWT-EventQueue-0] INFO  c.b.l.BrowserStackRunExtension - gradle
08:33:50.265 [AWT-EventQueue-0] INFO  com.browserstack.utils.Helpers - null
08:39:50.373 [AWT-EventQueue-0] INFO  c.b.l.BrowserStackRunExtension - gradle
08:39:50.373 [AWT-EventQueue-0] INFO  com.browserstack.utils.Helpers - null
08:49:24.795 [AWT-EventQueue-0] INFO  c.b.l.BrowserStackRunExtension - gradle
08:49:24.798 [AWT-EventQueue-0] INFO  com.browserstack.utils.Helpers - null
08:51:25.765 [AWT-EventQueue-0] INFO  c.b.l.BrowserStackRunExtension - gradle
08:51:25.765 [AWT-EventQueue-0] INFO  com.browserstack.utils.Helpers - null
08:52:08.869 [AWT-EventQueue-0] INFO  c.b.l.BrowserStackRunExtension - gradle
08:52:08.869 [AWT-EventQueue-0] INFO  com.browserstack.utils.Helpers - null
10:00:11.918 [AWT-EventQueue-0] INFO  c.b.l.BrowserStackRunExtension - gradle
10:00:11.920 [AWT-EventQueue-0] INFO  com.browserstack.utils.Helpers - null
11:59:45.107 [AWT-EventQueue-0] INFO  c.b.l.BrowserStackRunExtension - gradle
11:59:45.111 [AWT-EventQueue-0] INFO  com.browserstack.utils.Helpers - null
11:59:59.516 [AWT-EventQueue-0] INFO  c.b.l.BrowserStackRunExtension - gradle
11:59:59.517 [AWT-EventQueue-0] INFO  com.browserstack.utils.Helpers - null
12:02:02.536 [AWT-EventQueue-0] INFO  c.b.l.BrowserStackRunExtension - gradle
12:02:02.539 [AWT-EventQueue-0] INFO  com.browserstack.utils.Helpers - null
12:09:47.630 [AWT-EventQueue-0] INFO  c.b.l.BrowserStackRunExtension - gradle
12:09:47.631 [AWT-EventQueue-0] INFO  com.browserstack.utils.Helpers - null
12:14:21.659 [AWT-EventQueue-0] INFO  c.b.l.BrowserStackRunExtension - gradle
12:14:21.662 [AWT-EventQueue-0] INFO  com.browserstack.utils.Helpers - null
12:16:18.271 [AWT-EventQueue-0] INFO  c.b.l.BrowserStackRunExtension - gradle
12:16:18.273 [AWT-EventQueue-0] INFO  com.browserstack.utils.Helpers - null
12:16:26.548 [AWT-EventQueue-0] INFO  c.b.l.BrowserStackRunExtension - gradle
12:16:26.548 [AWT-EventQueue-0] INFO  com.browserstack.utils.Helpers - null
12:17:31.092 [AWT-EventQueue-0] INFO  c.b.l.BrowserStackRunExtension - gradle
12:17:31.092 [AWT-EventQueue-0] INFO  com.browserstack.utils.Helpers - null
12:19:12.810 [AWT-EventQueue-0] INFO  c.b.l.BrowserStackRunExtension - gradle
12:19:12.810 [AWT-EventQueue-0] INFO  com.browserstack.utils.Helpers - null
12:21:02.828 [AWT-EventQueue-0] INFO  c.b.l.BrowserStackRunExtension - gradle
12:21:02.828 [AWT-EventQueue-0] INFO  com.browserstack.utils.Helpers - null
12:23:21.952 [AWT-EventQueue-0] INFO  c.b.l.BrowserStackRunExtension - gradle
12:23:21.952 [AWT-EventQueue-0] INFO  com.browserstack.utils.Helpers - null
12:23:31.255 [AWT-EventQueue-0] INFO  c.b.l.BrowserStackRunExtension - gradle
12:23:31.255 [AWT-EventQueue-0] INFO  com.browserstack.utils.Helpers - null
12:23:38.248 [AWT-EventQueue-0] INFO  c.b.l.BrowserStackRunExtension - gradle
12:23:38.248 [AWT-EventQueue-0] INFO  com.browserstack.utils.Helpers - null
12:24:01.559 [AWT-EventQueue-0] INFO  c.b.l.BrowserStackRunExtension - gradle
12:24:01.559 [AWT-EventQueue-0] INFO  com.browserstack.utils.Helpers - null
12:25:06.631 [AWT-EventQueue-0] INFO  c.b.l.BrowserStackRunExtension - gradle
12:25:06.631 [AWT-EventQueue-0] INFO  com.browserstack.utils.Helpers - null
12:26:08.320 [AWT-EventQueue-0] INFO  c.b.l.BrowserStackRunExtension - gradle
12:26:08.320 [AWT-EventQueue-0] INFO  com.browserstack.utils.Helpers - null
12:26:26.828 [AWT-EventQueue-0] INFO  c.b.l.BrowserStackRunExtension - gradle
12:26:26.828 [AWT-EventQueue-0] INFO  com.browserstack.utils.Helpers - null
12:28:06.368 [AWT-EventQueue-0] INFO  c.b.l.BrowserStackRunExtension - gradle
12:28:06.368 [AWT-EventQueue-0] INFO  com.browserstack.utils.Helpers - null
12:33:22.256 [AWT-EventQueue-0] INFO  c.b.l.BrowserStackRunExtension - gradle
12:33:22.264 [AWT-EventQueue-0] INFO  com.browserstack.utils.Helpers - null
12:36:45.101 [AWT-EventQueue-0] INFO  c.b.l.BrowserStackRunExtension - gradle
12:36:45.102 [AWT-EventQueue-0] INFO  com.browserstack.utils.Helpers - null
12:36:50.773 [AWT-EventQueue-0] INFO  c.b.l.BrowserStackRunExtension - gradle
12:36:50.773 [AWT-EventQueue-0] INFO  com.browserstack.utils.Helpers - null
12:36:56.062 [AWT-EventQueue-0] INFO  c.b.l.BrowserStackRunExtension - gradle
12:36:56.063 [AWT-EventQueue-0] INFO  com.browserstack.utils.Helpers - null
12:37:43.129 [AWT-EventQueue-0] INFO  c.b.l.BrowserStackRunExtension - gradle
12:37:43.129 [AWT-EventQueue-0] INFO  com.browserstack.utils.Helpers - null
12:39:23.181 [AWT-EventQueue-0] INFO  c.b.l.BrowserStackRunExtension - gradle
12:39:23.182 [AWT-EventQueue-0] INFO  com.browserstack.utils.Helpers - null
12:39:59.806 [AWT-EventQueue-0] INFO  c.b.l.BrowserStackRunExtension - gradle
12:39:59.806 [AWT-EventQueue-0] INFO  com.browserstack.utils.Helpers - null
12:40:15.347 [AWT-EventQueue-0] INFO  c.b.l.BrowserStackRunExtension - gradle
12:40:15.354 [AWT-EventQueue-0] INFO  com.browserstack.utils.Helpers - null
12:40:34.934 [AWT-EventQueue-0] INFO  c.b.l.BrowserStackRunExtension - gradle
12:40:34.934 [AWT-EventQueue-0] INFO  com.browserstack.utils.Helpers - null
12:42:21.068 [AWT-EventQueue-0] INFO  c.b.l.BrowserStackRunExtension - gradle
12:42:21.068 [AWT-EventQueue-0] INFO  com.browserstack.utils.Helpers - null
12:43:14.841 [AWT-EventQueue-0] INFO  c.b.l.BrowserStackRunExtension - gradle
12:43:14.841 [AWT-EventQueue-0] INFO  com.browserstack.utils.Helpers - null
12:44:42.774 [AWT-EventQueue-0] INFO  c.b.l.BrowserStackRunExtension - gradle
12:44:42.775 [AWT-EventQueue-0] INFO  com.browserstack.utils.Helpers - null
14:23:53.175 [AWT-EventQueue-0] INFO  c.b.l.BrowserStackRunExtension - gradle
14:23:53.177 [AWT-EventQueue-0] INFO  com.browserstack.utils.Helpers - null
14:25:13.580 [AWT-EventQueue-0] INFO  c.b.l.BrowserStackRunExtension - gradle
14:25:13.580 [AWT-EventQueue-0] INFO  com.browserstack.utils.Helpers - null
15:01:52.552 [AWT-EventQueue-0] INFO  c.b.l.BrowserStackRunExtension - gradle
15:01:52.557 [AWT-EventQueue-0] INFO  com.browserstack.utils.Helpers - null
15:02:35.642 [AWT-EventQueue-0] INFO  c.b.l.BrowserStackRunExtension - gradle
15:02:35.646 [AWT-EventQueue-0] INFO  com.browserstack.utils.Helpers - null
15:18:52.997 [AWT-EventQueue-0] INFO  c.b.l.BrowserStackRunExtension - gradle
15:18:53.003 [AWT-EventQueue-0] INFO  com.browserstack.utils.Helpers - null
15:33:57.272 [AWT-EventQueue-0] INFO  c.b.l.BrowserStackRunExtension - gradle
15:33:57.277 [AWT-EventQueue-0] INFO  com.browserstack.utils.Helpers - null
15:34:07.131 [AWT-EventQueue-0] INFO  c.b.l.BrowserStackRunExtension - gradle
15:34:07.131 [AWT-EventQueue-0] INFO  com.browserstack.utils.Helpers - null
15:54:32.481 [AWT-EventQueue-0] INFO  c.b.l.BrowserStackRunExtension - gradle
15:54:32.484 [AWT-EventQueue-0] INFO  com.browserstack.utils.Helpers - null
16:01:23.621 [AWT-EventQueue-0] INFO  c.b.l.BrowserStackRunExtension - gradle
16:01:23.622 [AWT-EventQueue-0] INFO  com.browserstack.utils.Helpers - null
16:03:29.304 [AWT-EventQueue-0] INFO  c.b.l.BrowserStackRunExtension - gradle
16:03:29.304 [AWT-EventQueue-0] INFO  com.browserstack.utils.Helpers - null
16:04:55.013 [AWT-EventQueue-0] INFO  c.b.l.BrowserStackRunExtension - gradle
16:04:55.013 [AWT-EventQueue-0] INFO  com.browserstack.utils.Helpers - null
16:05:32.224 [AWT-EventQueue-0] INFO  c.b.l.BrowserStackRunExtension - gradle
16:05:32.225 [AWT-EventQueue-0] INFO  com.browserstack.utils.Helpers - null
16:06:59.592 [AWT-EventQueue-0] INFO  c.b.l.BrowserStackRunExtension - gradle
16:06:59.592 [AWT-EventQueue-0] INFO  com.browserstack.utils.Helpers - null
07:49:29.709 [AWT-EventQueue-0] INFO  c.b.l.BrowserStackRunExtension - gradle
07:49:29.712 [AWT-EventQueue-0] INFO  com.browserstack.utils.Helpers - null
07:59:56.522 [AWT-EventQueue-0] INFO  c.b.l.BrowserStackRunExtension - gradle
07:59:56.523 [AWT-EventQueue-0] INFO  com.browserstack.utils.Helpers - null
10:10:11.981 [AWT-EventQueue-0] INFO  c.b.l.BrowserStackRunExtension - gradle
10:10:11.983 [AWT-EventQueue-0] INFO  com.browserstack.utils.Helpers - null
10:11:32.037 [AWT-EventQueue-0] INFO  c.b.l.BrowserStackRunExtension - gradle
10:11:32.038 [AWT-EventQueue-0] INFO  com.browserstack.utils.Helpers - null
10:16:17.931 [AWT-EventQueue-0] INFO  c.b.l.BrowserStackRunExtension - gradle
10:16:17.932 [AWT-EventQueue-0] INFO  com.browserstack.utils.Helpers - null
16:12:46.807 [AWT-EventQueue-0] INFO  c.b.l.BrowserStackRunExtension - gradle
16:12:46.811 [AWT-EventQueue-0] INFO  com.browserstack.utils.Helpers - null
07:43:01.180 [AWT-EventQueue-0] INFO  c.b.l.BrowserStackRunExtension - gradle
07:43:01.181 [AWT-EventQueue-0] INFO  com.browserstack.utils.Helpers - null
07:43:15.615 [AWT-EventQueue-0] INFO  c.b.l.BrowserStackRunExtension - gradle
07:43:15.615 [AWT-EventQueue-0] INFO  com.browserstack.utils.Helpers - null
07:45:13.551 [AWT-EventQueue-0] INFO  c.b.l.BrowserStackRunExtension - gradle
07:45:13.552 [AWT-EventQueue-0] INFO  com.browserstack.utils.Helpers - null
07:45:26.872 [AWT-EventQueue-0] INFO  c.b.l.BrowserStackRunExtension - gradle
07:45:26.872 [AWT-EventQueue-0] INFO  com.browserstack.utils.Helpers - null
07:52:54.030 [AWT-EventQueue-0] INFO  c.b.l.BrowserStackRunExtension - gradle
07:52:54.030 [AWT-EventQueue-0] INFO  com.browserstack.utils.Helpers - null
07:53:02.860 [AWT-EventQueue-0] INFO  c.b.l.BrowserStackRunExtension - gradle
07:53:02.860 [AWT-EventQueue-0] INFO  com.browserstack.utils.Helpers - null
08:02:16.517 [AWT-EventQueue-0] INFO  c.b.l.BrowserStackRunExtension - gradle
08:02:16.517 [AWT-EventQueue-0] INFO  com.browserstack.utils.Helpers - null
08:02:24.924 [AWT-EventQueue-0] INFO  c.b.l.BrowserStackRunExtension - gradle
08:02:24.924 [AWT-EventQueue-0] INFO  com.browserstack.utils.Helpers - null
08:23:03.357 [AWT-EventQueue-0] INFO  c.b.l.BrowserStackRunExtension - gradle
08:23:03.359 [AWT-EventQueue-0] INFO  com.browserstack.utils.Helpers - null
08:23:10.337 [AWT-EventQueue-0] INFO  c.b.l.BrowserStackRunExtension - gradle
08:23:10.337 [AWT-EventQueue-0] INFO  com.browserstack.utils.Helpers - null
10:55:06.794 [AWT-EventQueue-0] INFO  c.b.l.BrowserStackRunExtension - gradle
10:55:06.794 [AWT-EventQueue-0] INFO  com.browserstack.utils.Helpers - null
10:55:13.097 [AWT-EventQueue-0] INFO  c.b.l.BrowserStackRunExtension - gradle
10:55:13.097 [AWT-EventQueue-0] INFO  com.browserstack.utils.Helpers - null
12:08:23.628 [AWT-EventQueue-0] INFO  c.b.l.BrowserStackRunExtension - gradle
12:08:23.630 [AWT-EventQueue-0] INFO  com.browserstack.utils.Helpers - null
12:10:39.454 [AWT-EventQueue-0] INFO  c.b.l.BrowserStackRunExtension - gradle
12:10:39.455 [AWT-EventQueue-0] INFO  com.browserstack.utils.Helpers - null
12:11:23.498 [AWT-EventQueue-0] INFO  c.b.l.BrowserStackRunExtension - gradle
12:11:23.499 [AWT-EventQueue-0] INFO  com.browserstack.utils.Helpers - null
12:21:20.487 [AWT-EventQueue-0] INFO  c.b.l.BrowserStackRunExtension - gradle
12:21:20.489 [AWT-EventQueue-0] INFO  com.browserstack.utils.Helpers - null
12:22:02.050 [AWT-EventQueue-0] INFO  c.b.l.BrowserStackRunExtension - gradle
12:22:02.050 [AWT-EventQueue-0] INFO  com.browserstack.utils.Helpers - null
12:22:50.130 [AWT-EventQueue-0] INFO  c.b.l.BrowserStackRunExtension - gradle
12:22:50.130 [AWT-EventQueue-0] INFO  com.browserstack.utils.Helpers - null
12:25:17.457 [AWT-EventQueue-0] INFO  c.b.l.BrowserStackRunExtension - gradle
12:25:17.459 [AWT-EventQueue-0] INFO  com.browserstack.utils.Helpers - null
12:26:45.374 [AWT-EventQueue-0] INFO  c.b.l.BrowserStackRunExtension - gradle
12:26:45.374 [AWT-EventQueue-0] INFO  com.browserstack.utils.Helpers - null
12:27:49.663 [AWT-EventQueue-0] INFO  c.b.l.BrowserStackRunExtension - gradle
12:27:49.663 [AWT-EventQueue-0] INFO  com.browserstack.utils.Helpers - null
12:29:41.639 [AWT-EventQueue-0] INFO  c.b.l.BrowserStackRunExtension - gradle
12:29:41.642 [AWT-EventQueue-0] INFO  com.browserstack.utils.Helpers - null
12:31:06.185 [AWT-EventQueue-0] INFO  c.b.l.BrowserStackRunExtension - gradle
12:31:06.185 [AWT-EventQueue-0] INFO  com.browserstack.utils.Helpers - null
12:31:29.207 [AWT-EventQueue-0] INFO  c.b.l.BrowserStackRunExtension - gradle
12:31:29.208 [AWT-EventQueue-0] INFO  com.browserstack.utils.Helpers - null
12:32:45.429 [AWT-EventQueue-0] INFO  c.b.l.BrowserStackRunExtension - gradle
12:32:45.430 [AWT-EventQueue-0] INFO  com.browserstack.utils.Helpers - null
12:33:02.961 [AWT-EventQueue-0] INFO  c.b.l.BrowserStackRunExtension - gradle
12:33:02.962 [AWT-EventQueue-0] INFO  com.browserstack.utils.Helpers - null
12:33:07.774 [AWT-EventQueue-0] INFO  c.b.l.BrowserStackRunExtension - gradle
12:33:07.774 [AWT-EventQueue-0] INFO  com.browserstack.utils.Helpers - null
12:33:54.200 [AWT-EventQueue-0] INFO  c.b.l.BrowserStackRunExtension - gradle
12:33:54.200 [AWT-EventQueue-0] INFO  com.browserstack.utils.Helpers - null
12:34:12.673 [AWT-EventQueue-0] INFO  c.b.l.BrowserStackRunExtension - gradle
12:34:12.673 [AWT-EventQueue-0] INFO  com.browserstack.utils.Helpers - null
12:34:31.656 [AWT-EventQueue-0] INFO  c.b.l.BrowserStackRunExtension - gradle
12:34:31.656 [AWT-EventQueue-0] INFO  com.browserstack.utils.Helpers - null
12:59:38.769 [AWT-EventQueue-0] INFO  c.b.l.BrowserStackRunExtension - gradle
12:59:38.772 [AWT-EventQueue-0] INFO  com.browserstack.utils.Helpers - null
13:00:19.309 [AWT-EventQueue-0] INFO  c.b.l.BrowserStackRunExtension - gradle
13:00:19.309 [AWT-EventQueue-0] INFO  com.browserstack.utils.Helpers - null
13:00:41.803 [AWT-EventQueue-0] INFO  c.b.l.BrowserStackRunExtension - gradle
13:00:41.804 [AWT-EventQueue-0] INFO  com.browserstack.utils.Helpers - null
13:00:46.720 [AWT-EventQueue-0] INFO  c.b.l.BrowserStackRunExtension - gradle
13:00:46.720 [AWT-EventQueue-0] INFO  com.browserstack.utils.Helpers - null
13:30:23.771 [AWT-EventQueue-0] INFO  c.b.l.BrowserStackRunExtension - gradle
13:30:23.774 [AWT-EventQueue-0] INFO  com.browserstack.utils.Helpers - null
13:30:30.152 [AWT-EventQueue-0] INFO  c.b.l.BrowserStackRunExtension - gradle
13:30:30.152 [AWT-EventQueue-0] INFO  com.browserstack.utils.Helpers - null
13:33:35.771 [AWT-EventQueue-0] INFO  c.b.l.BrowserStackRunExtension - gradle
13:33:35.771 [AWT-EventQueue-0] INFO  com.browserstack.utils.Helpers - null
13:33:42.078 [AWT-EventQueue-0] INFO  c.b.l.BrowserStackRunExtension - gradle
13:33:42.079 [AWT-EventQueue-0] INFO  com.browserstack.utils.Helpers - null
13:35:07.662 [AWT-EventQueue-0] INFO  c.b.l.BrowserStackRunExtension - gradle
13:35:07.663 [AWT-EventQueue-0] INFO  com.browserstack.utils.Helpers - null
14:40:48.748 [AWT-EventQueue-0] INFO  c.b.l.BrowserStackRunExtension - gradle
14:40:48.750 [AWT-EventQueue-0] INFO  com.browserstack.utils.Helpers - null
14:49:49.049 [AWT-EventQueue-0] INFO  c.b.l.BrowserStackRunExtension - gradle
14:49:49.049 [AWT-EventQueue-0] INFO  com.browserstack.utils.Helpers - null
14:49:55.975 [AWT-EventQueue-0] INFO  c.b.l.BrowserStackRunExtension - gradle
14:49:55.975 [AWT-EventQueue-0] INFO  com.browserstack.utils.Helpers - null
16:06:41.806 [AWT-EventQueue-0] INFO  c.b.l.BrowserStackRunExtension - gradle
16:06:41.809 [AWT-EventQueue-0] INFO  com.browserstack.utils.Helpers - null
16:51:27.642 [AWT-EventQueue-0] INFO  c.b.l.BrowserStackRunExtension - gradle
16:51:27.642 [AWT-EventQueue-0] INFO  com.browserstack.utils.Helpers - null
